<?xml version="1.0" encoding="UTF-8"?>
<testsuite xmlns:xsi="http://www.w3.org/2001/XMLSchema-instance" xsi:noNamespaceSchemaLocation="https://maven.apache.org/surefire/maven-surefire-plugin/xsd/surefire-test-report-3.0.xsd" version="3.0" name="com.ferme.learning.prometheus_ha.PrometheusHaApplicationTests" time="3.167" tests="1" errors="0" skipped="0" failures="0">
  <properties>
[...]
</properties>
  <testcase name="contextLoads" classname="com.ferme.learning.prometheus_ha.PrometheusHaApplicationTests" time="0.794">
    <system-out><![CDATA[12:48:01.317 [main] INFO org.springframework.test.context.support.AnnotationConfigContextLoaderUtils -- Could not detect default configuration classes for test class [com.ferme.learning.prometheus_ha.PrometheusHaApplicationTests]: PrometheusHaApplicationTests does not declare any static, non-private, non-final, nested classes annotated with @Configuration.
12:48:01.401 [main] INFO org.springframework.boot.test.context.SpringBootTestContextBootstrapper -- Found @SpringBootConfiguration com.ferme.learning.prometheus_ha.PrometheusHaApplication for test class com.ferme.learning.prometheus_ha.PrometheusHaApplicationTests
12:48:01.515 [main] INFO org.springframework.boot.devtools.restart.RestartApplicationListener -- Restart disabled due to context in which it is running

  .   ____          _            __ _ _
 /\\ / ___'_ __ _ _(_)_ __  __ _ \ \ \ \
( ( )\___ | '_ | '_| | '_ \/ _` | \ \ \ \
 \\/  ___)| |_)| | | | | || (_| |  ) ) ) )
  '  |____| .__|_| |_|_| |_\__, | / / / /
 =========|_|==============|___/=/_/_/_/

 :: Spring Boot ::                (v3.3.5)

2024-12-02T12:48:01.797+01:00  INFO 15302 --- [prometheus_HA] [           main] c.f.l.p.PrometheusHaApplicationTests     : Starting PrometheusHaApplicationTests using Java 22.0.1 with PID 15302 (started by ferme in /home/ferme/datenbanksysteme_ha/prometheusExample)
2024-12-02T12:48:01.798+01:00  INFO 15302 --- [prometheus_HA] [           main] c.f.l.p.PrometheusHaApplicationTests     : No active profile set, falling back to 1 default profile: "default"
2024-12-02T12:48:03.374+01:00  INFO 15302 --- [prometheus_HA] [           main] o.s.b.a.e.web.EndpointLinksResolver      : Exposing 0 endpoints beneath base path '/actuator'
2024-12-02T12:48:03.432+01:00  INFO 15302 --- [prometheus_HA] [           main] c.f.l.p.PrometheusHaApplicationTests     : Started PrometheusHaApplicationTests in 1.925 seconds (process running for 2.624)
]]></system-out>
    <system-err><![CDATA[WARNING: A Java agent has been loaded dynamically (/home/ferme/.m2/repository/net/bytebuddy/byte-buddy-agent/1.14.19/byte-buddy-agent-1.14.19.jar)
WARNING: If a serviceability tool is in use, please run with -XX:+EnableDynamicAgentLoading to hide this warning
WARNING: If a serviceability tool is not in use, please run with -Djdk.instrument.traceUsage for more information
WARNING: Dynamic loading of agents will be disallowed by default in a future release
]]></system-err>
  </testcase>
</testsuite>